<?xml version="1.0" encoding="UTF-8"?>
<!-- Generated by org.testng.reporters.JUnitXMLReporter -->
<testsuite hostname="ZhaodeMacBook-Pro.local" name="Default test" tests="5" failures="0" timestamp="27 Sep 2015 22:58:42 GMT" time="221.415" errors="0">
  <testcase name="addItemToCart" time="24.397" classname="com.homework.walmart.MacChromeTest"/>
  <testcase name="addItemToCart" time="54.072" classname="com.homework.walmart.MacChromeTest"/>
  <testcase name="addItemToCart" time="51.459" classname="com.homework.walmart.MacChromeTest"/>
  <testcase name="addItemToCart" time="30.213" classname="com.homework.walmart.MacChromeTest"/>
  <testcase name="addItemToCart" time="52.853" classname="com.homework.walmart.MacChromeTest"/>
</testsuite> <!-- Default test -->
